<?xml version="1.0" encoding="UTF-8"?>
<!-- Generated by org.testng.reporters.JUnitReportReporter -->
<testsuite hostname="LAPTOP-G6TGKO58" failures="0" tests="1" name="com.example.TestGrid" time="19.445" errors="0" timestamp="2024-02-27T22:21:33 IST" skipped="0">
  <testcase classname="com.example.TestGrid" name="adminLogin" time="19.445"/>
  <system-out/>
</testsuite> <!-- com.example.TestGrid -->
