<?xml version="1.0" encoding="UTF-8"?>
<!-- Generated by org.testng.reporters.JUnitReportReporter -->
<testsuite hostname="LAPTOP-G6TGKO58" failures="0" tests="1" name="com.example.Regstudenthousekeeper" time="30.434" errors="0" timestamp="2024-02-29T01:35:01 IST" skipped="0">
  <testcase classname="com.example.Regstudenthousekeeper" name="Regstudenthousekeepe" time="30.434"/>
  <system-out/>
</testsuite> <!-- com.example.Regstudenthousekeeper -->
