<?xml version="1.0" encoding="UTF-8"?>
<!-- Generated by org.testng.reporters.JUnitReportReporter -->
<testsuite hostname="LAPTOP-G6TGKO58" failures="0" tests="1" name="com.example.RegisterStudent" time="5.080" errors="0" timestamp="2024-02-27T14:46:05 IST" skipped="0">
  <testcase classname="com.example.RegisterStudent" name="feedback" time="5.080"/>
  <system-out/>
</testsuite> <!-- com.example.RegisterStudent -->
