<?xml version="1.0" encoding="UTF-8"?>
<!-- Generated by org.testng.reporters.JUnitReportReporter -->
<testsuite hostname="LAPTOP-G6TGKO58" failures="0" tests="1" name="com.example.UpdateAndChangePassword" time="28.705" errors="0" timestamp="2024-02-29T08:48:02 IST" skipped="0">
  <testcase classname="com.example.UpdateAndChangePassword" name="UpdateAndChangePassword" time="28.705"/>
  <system-out/>
</testsuite> <!-- com.example.UpdateAndChangePassword -->
