<?xml version="1.0" encoding="UTF-8"?>
<!-- Generated by org.testng.reporters.JUnitReportReporter -->
<testsuite hostname="LAPTOP-G6TGKO58" failures="0" tests="1" name="com.example.RegisterHousekeeper" time="16.854" errors="0" timestamp="2024-02-29T01:19:57 IST" skipped="0">
  <testcase classname="com.example.RegisterHousekeeper" name="feedback" time="16.854"/>
  <system-out/>
</testsuite> <!-- com.example.RegisterHousekeeper -->
