<?xml version="1.0" encoding="UTF-8"?>
<!-- Generated by org.testng.reporters.JUnitReportReporter -->
<testsuite hostname="LAPTOP-G6TGKO58" failures="0" tests="1" name="com.example.StudentRequest" time="14.675" errors="0" timestamp="2024-02-29T02:17:40 IST" skipped="0">
  <testcase classname="com.example.StudentRequest" name="studentLogin" time="14.675"/>
  <system-out/>
</testsuite> <!-- com.example.StudentRequest -->
