<?xml version="1.0" encoding="UTF-8"?>
<!-- Generated by org.testng.reporters.JUnitReportReporter -->
<testsuite hostname="LAPTOP-G6TGKO58" failures="0" tests="2" name="com.example.AdminRegistrationAndLogin" time="35.843" errors="0" timestamp="2024-02-29T12:10:42 IST" skipped="0">
  <testcase classname="com.example.AdminRegistrationAndLogin" name="test1" time="19.871"/>
  <system-out/>
  <testcase classname="com.example.AdminRegistrationAndLogin" name="test2" time="15.972"/>
  <system-out/>
</testsuite> <!-- com.example.AdminRegistrationAndLogin -->
