<?xml version="1.0" encoding="UTF-8"?>
<!-- Generated by org.testng.reporters.JUnitReportReporter -->
<testsuite hostname="LAPTOP-G6TGKO58" failures="0" tests="1" name="com.example.Feedback" time="10.693" errors="0" timestamp="2024-02-29T08:34:45 IST" skipped="0">
  <testcase classname="com.example.Feedback" name="feedback" time="10.693"/>
  <system-out/>
</testsuite> <!-- com.example.Feedback -->
