<?xml version="1.0" encoding="UTF-8"?>
<!-- Generated by org.testng.reporters.JUnitReportReporter -->
<testsuite hostname="LAPTOP-G6TGKO58" failures="0" tests="1" name="com.example.AllotKeeper" time="22.753" errors="0" timestamp="2024-02-29T02:04:36 IST" skipped="0">
  <testcase classname="com.example.AllotKeeper" name="studentLogin" time="22.753"/>
  <system-out/>
</testsuite> <!-- com.example.AllotKeeper -->
